# JRE version: OpenJDK Runtime Environment Temurin-21.0.10+7 (21.0.10+7) (build 21.0.10+7-LTS)
# Java VM: OpenJDK 64-Bit Server VM Temurin-21.0.10+7 (21.0.10+7-LTS, mixed mode, sharing, tiered, compressed oops, compressed class ptrs, parallel gc, windows-amd64)
GC Precious Log:
 CardTable entry size: 512
 CPUs: 12 total, 12 available
 Memory: 7597M
 Large Page Support: Disabled
 NUMA Support: Disabled
 Compressed Oops: Enabled (32-bit)
 Alignments: Space 512K, Generation 512K, Heap 2M
 Heap Min Capacity: 100M
 Heap Initial Capacity: 100M
 Heap Max Capacity: 2G
 Pre-touch: Disabled
 Parallel Workers: 10
Heap:
 PSYoungGen      total 10752K, used 8696K [0x00000000d5580000, 0x00000000d6180000, 0x0000000100000000)
  eden space 10240K, 79% used [0x00000000d5580000,0x00000000d5d7e010,0x00000000d5f80000)
  from space 512K, 100% used [0x00000000d6100000,0x00000000d6180000,0x00000000d6180000)
  to   space 1024K, 0% used [0x00000000d5f80000,0x00000000d5f80000,0x00000000d6080000)
 ParOldGen       total 1242112K, used 1239491K [0x0000000080000000, 0x00000000cbd00000, 0x00000000d5580000)
  object space 1242112K, 99% used [0x0000000080000000,0x00000000cba70ea0,0x00000000cbd00000)
 Metaspace       used 64257K, committed 65792K, reserved 1114112K
  class space    used 6841K, committed 7488K, reserved 1048576K
GC Heap History (20 events):
Event: 1957.713 GC heap before
{Heap before GC invocations=120 (full 3):
 PSYoungGen      total 10752K, used 10496K [0x00000000d5580000, 0x00000000d6180000, 0x0000000100000000)
  eden space 10240K, 100% used [0x00000000d5580000,0x00000000d5f80000,0x00000000d5f80000)
  from space 512K, 50% used [0x00000000d6100000,0x00000000d6140000,0x00000000d6180000)
  to   space 512K, 0% used [0x00000000d6080000,0x00000000d6080000,0x00000000d6100000)
 ParOldGen       total 664576K, used 662574K [0x0000000080000000, 0x00000000a8900000, 0x00000000d5580000)
  object space 664576K, 99% used [0x0000000080000000,0x00000000a870bb20,0x00000000a8900000)
 Metaspace       used 64054K, committed 65600K, reserved 1114112K
  class space    used 6841K, committed 7488K, reserved 1048576K
}
Event: 1957.742 GC heap after
{Heap after GC invocations=120 (full 3):
 PSYoungGen      total 10752K, used 480K [0x00000000d5580000, 0x00000000d6180000, 0x0000000100000000)
  eden space 10240K, 0% used [0x00000000d5580000,0x00000000d5580000,0x00000000d5f80000)
  from space 512K, 93% used [0x00000000d6080000,0x00000000d60f8000,0x00000000d6100000)
  to   space 512K, 0% used [0x00000000d6100000,0x00000000d6100000,0x00000000d6180000)
 ParOldGen       total 664576K, used 662662K [0x0000000080000000, 0x00000000a8900000, 0x00000000d5580000)
  object space 664576K, 99% used [0x0000000080000000,0x00000000a8721b20,0x00000000a8900000)
 Metaspace       used 64054K, committed 65600K, reserved 1114112K
  class space    used 6841K, committed 7488K, reserved 1048576K
}
Event: 1959.498 GC heap before
{Heap before GC invocations=121 (full 3):
 PSYoungGen      total 10752K, used 10720K [0x00000000d5580000, 0x00000000d6180000, 0x0000000100000000)
  eden space 10240K, 100% used [0x00000000d5580000,0x00000000d5f80000,0x00000000d5f80000)
  from space 512K, 93% used [0x00000000d6080000,0x00000000d60f8000,0x00000000d6100000)
  to   space 512K, 0% used [0x00000000d6100000,0x00000000d6100000,0x00000000d6180000)
 ParOldGen       total 751616K, used 747142K [0x0000000080000000, 0x00000000ade00000, 0x00000000d5580000)
  object space 751616K, 99% used [0x0000000080000000,0x00000000ad9a1ba0,0x00000000ade00000)
 Metaspace       used 64084K, committed 65600K, reserved 1114112K
  class space    used 6841K, committed 7488K, reserved 1048576K
}
Event: 1959.503 GC heap after
{Heap after GC invocations=121 (full 3):
 PSYoungGen      total 10752K, used 368K [0x00000000d5580000, 0x00000000d6180000, 0x0000000100000000)
  eden space 10240K, 0% used [0x00000000d5580000,0x00000000d5580000,0x00000000d5f80000)
  from space 512K, 71% used [0x00000000d6100000,0x00000000d615c010,0x00000000d6180000)
  to   space 512K, 0% used [0x00000000d6080000,0x00000000d6080000,0x00000000d6100000)
 ParOldGen       total 751616K, used 747262K [0x0000000080000000, 0x00000000ade00000, 0x00000000d5580000)
  object space 751616K, 99% used [0x0000000080000000,0x00000000ad9bfba0,0x00000000ade00000)
 Metaspace       used 64084K, committed 65600K, reserved 1114112K
  class space    used 6841K, committed 7488K, reserved 1048576K
}
Event: 1961.023 GC heap before
{Heap before GC invocations=122 (full 3):
 PSYoungGen      total 10752K, used 10608K [0x00000000d5580000, 0x00000000d6180000, 0x0000000100000000)
  eden space 10240K, 100% used [0x00000000d5580000,0x00000000d5f80000,0x00000000d5f80000)
  from space 512K, 71% used [0x00000000d6100000,0x00000000d615c010,0x00000000d6180000)
  to   space 512K, 0% used [0x00000000d6080000,0x00000000d6080000,0x00000000d6100000)
 ParOldGen       total 806912K, used 801022K [0x0000000080000000, 0x00000000b1400000, 0x00000000d5580000)
  object space 806912K, 99% used [0x0000000080000000,0x00000000b0e3fbf0,0x00000000b1400000)
 Metaspace       used 64087K, committed 65600K, reserved 1114112K
  class space    used 6841K, committed 7488K, reserved 1048576K
}
Event: 1961.115 GC heap after
{Heap after GC invocations=122 (full 3):
 PSYoungGen      total 10752K, used 288K [0x00000000d5580000, 0x00000000d6180000, 0x0000000100000000)
  eden space 10240K, 0% used [0x00000000d5580000,0x00000000d5580000,0x00000000d5f80000)
  from space 512K, 56% used [0x00000000d6080000,0x00000000d60c8000,0x00000000d6100000)
  to   space 512K, 0% used [0x00000000d6100000,0x00000000d6100000,0x00000000d6180000)
 ParOldGen       total 806912K, used 801126K [0x0000000080000000, 0x00000000b1400000, 0x00000000d5580000)
  object space 806912K, 99% used [0x0000000080000000,0x00000000b0e59bf0,0x00000000b1400000)
 Metaspace       used 64087K, committed 65600K, reserved 1114112K
  class space    used 6841K, committed 7488K, reserved 1048576K
}
Event: 2022.735 GC heap before
{Heap before GC invocations=123 (full 3):
 PSYoungGen      total 10752K, used 10528K [0x00000000d5580000, 0x00000000d6180000, 0x0000000100000000)
  eden space 10240K, 100% used [0x00000000d5580000,0x00000000d5f80000,0x00000000d5f80000)
  from space 512K, 56% used [0x00000000d6080000,0x00000000d60c8000,0x00000000d6100000)
  to   space 512K, 0% used [0x00000000d6100000,0x00000000d6100000,0x00000000d6180000)
 ParOldGen       total 806912K, used 801126K [0x0000000080000000, 0x00000000b1400000, 0x00000000d5580000)
  object space 806912K, 99% used [0x0000000080000000,0x00000000b0e59bf0,0x00000000b1400000)
 Metaspace       used 64099K, committed 65600K, reserved 1114112K
  class space    used 6841K, committed 7488K, reserved 1048576K
}
Event: 2022.810 GC heap after
{Heap after GC invocations=123 (full 3):
 PSYoungGen      total 10752K, used 416K [0x00000000d5580000, 0x00000000d6180000, 0x0000000100000000)
  eden space 10240K, 0% used [0x00000000d5580000,0x00000000d5580000,0x00000000d5f80000)
  from space 512K, 81% used [0x00000000d6100000,0x00000000d6168020,0x00000000d6180000)
  to   space 512K, 0% used [0x00000000d6080000,0x00000000d6080000,0x00000000d6100000)
 ParOldGen       total 806912K, used 801206K [0x0000000080000000, 0x00000000b1400000, 0x00000000d5580000)
  object space 806912K, 99% used [0x0000000080000000,0x00000000b0e6dbf0,0x00000000b1400000)
 Metaspace       used 64099K, committed 65600K, reserved 1114112K
  class space    used 6841K, committed 7488K, reserved 1048576K
}
Event: 2027.471 GC heap before
{Heap before GC invocations=124 (full 3):
 PSYoungGen      total 10752K, used 10656K [0x00000000d5580000, 0x00000000d6180000, 0x0000000100000000)
  eden space 10240K, 100% used [0x00000000d5580000,0x00000000d5f80000,0x00000000d5f80000)
  from space 512K, 81% used [0x00000000d6100000,0x00000000d6168020,0x00000000d6180000)
  to   space 512K, 0% used [0x00000000d6080000,0x00000000d6080000,0x00000000d6100000)
 ParOldGen       total 917504K, used 916407K [0x0000000080000000, 0x00000000b8000000, 0x00000000d5580000)
  object space 917504K, 99% used [0x0000000080000000,0x00000000b7eedca0,0x00000000b8000000)
 Metaspace       used 64109K, committed 65600K, reserved 1114112K
  class space    used 6841K, committed 7488K, reserved 1048576K
}
Event: 2027.505 GC heap after
{Heap after GC invocations=124 (full 3):
 PSYoungGen      total 10752K, used 400K [0x00000000d5580000, 0x00000000d6180000, 0x0000000100000000)
  eden space 10240K, 0% used [0x00000000d5580000,0x00000000d5580000,0x00000000d5f80000)
  from space 512K, 78% used [0x00000000d6080000,0x00000000d60e4010,0x00000000d6100000)
  to   space 512K, 0% used [0x00000000d6100000,0x00000000d6100000,0x00000000d6180000)
 ParOldGen       total 917504K, used 916551K [0x0000000080000000, 0x00000000b8000000, 0x00000000d5580000)
  object space 917504K, 99% used [0x0000000080000000,0x00000000b7f11ca0,0x00000000b8000000)
 Metaspace       used 64109K, committed 65600K, reserved 1114112K
  class space    used 6841K, committed 7488K, reserved 1048576K
}
Event: 2030.712 GC heap before
{Heap before GC invocations=125 (full 3):
 PSYoungGen      total 10752K, used 10640K [0x00000000d5580000, 0x00000000d6180000, 0x0000000100000000)
  eden space 10240K, 100% used [0x00000000d5580000,0x00000000d5f80000,0x00000000d5f80000)
  from space 512K, 78% used [0x00000000d6080000,0x00000000d60e4010,0x00000000d6100000)
  to   space 512K, 0% used [0x00000000d6100000,0x00000000d6100000,0x00000000d6180000)
 ParOldGen       total 941056K, used 939591K [0x0000000080000000, 0x00000000b9700000, 0x00000000d5580000)
  object space 941056K, 99% used [0x0000000080000000,0x00000000b9591cc0,0x00000000b9700000)
 Metaspace       used 64116K, committed 65600K, reserved 1114112K
  class space    used 6841K, committed 7488K, reserved 1048576K
}
Event: 2030.720 GC heap after
{Heap after GC invocations=125 (full 3):
 PSYoungGen      total 10752K, used 224K [0x00000000d5580000, 0x00000000d6180000, 0x0000000100000000)
  eden space 10240K, 0% used [0x00000000d5580000,0x00000000d5580000,0x00000000d5f80000)
  from space 512K, 43% used [0x00000000d6100000,0x00000000d6138000,0x00000000d6180000)
  to   space 512K, 0% used [0x00000000d6080000,0x00000000d6080000,0x00000000d6100000)
 ParOldGen       total 941056K, used 939691K [0x0000000080000000, 0x00000000b9700000, 0x00000000d5580000)
  object space 941056K, 99% used [0x0000000080000000,0x00000000b95aacd0,0x00000000b9700000)
 Metaspace       used 64116K, committed 65600K, reserved 1114112K
  class space    used 6841K, committed 7488K, reserved 1048576K
}
Event: 2047.156 GC heap before
{Heap before GC invocations=126 (full 3):
 PSYoungGen      total 10752K, used 10463K [0x00000000d5580000, 0x00000000d6180000, 0x0000000100000000)
  eden space 10240K, 99% used [0x00000000d5580000,0x00000000d5f7fff8,0x00000000d5f80000)
  from space 512K, 43% used [0x00000000d6100000,0x00000000d6138000,0x00000000d6180000)
  to   space 512K, 0% used [0x00000000d6080000,0x00000000d6080000,0x00000000d6100000)
 ParOldGen       total 941056K, used 939691K [0x0000000080000000, 0x00000000b9700000, 0x00000000d5580000)
  object space 941056K, 99% used [0x0000000080000000,0x00000000b95aacd0,0x00000000b9700000)
 Metaspace       used 64142K, committed 65664K, reserved 1114112K
  class space    used 6841K, committed 7488K, reserved 1048576K
}
Event: 2047.188 GC heap after
{Heap after GC invocations=126 (full 3):
 PSYoungGen      total 10752K, used 464K [0x00000000d5580000, 0x00000000d6180000, 0x0000000100000000)
  eden space 10240K, 0% used [0x00000000d5580000,0x00000000d5580000,0x00000000d5f80000)
  from space 512K, 90% used [0x00000000d6080000,0x00000000d60f4010,0x00000000d6100000)
  to   space 512K, 0% used [0x00000000d6100000,0x00000000d6100000,0x00000000d6180000)
 ParOldGen       total 941056K, used 939763K [0x0000000080000000, 0x00000000b9700000, 0x00000000d5580000)
  object space 941056K, 99% used [0x0000000080000000,0x00000000b95bccd0,0x00000000b9700000)
 Metaspace       used 64142K, committed 65664K, reserved 1114112K
  class space    used 6841K, committed 7488K, reserved 1048576K
}
Event: 2048.851 GC heap before
{Heap before GC invocations=127 (full 3):
 PSYoungGen      total 10752K, used 10704K [0x00000000d5580000, 0x00000000d6180000, 0x0000000100000000)
  eden space 10240K, 100% used [0x00000000d5580000,0x00000000d5f80000,0x00000000d5f80000)
  from space 512K, 90% used [0x00000000d6080000,0x00000000d60f4010,0x00000000d6100000)
  to   space 512K, 0% used [0x00000000d6100000,0x00000000d6100000,0x00000000d6180000)
 ParOldGen       total 1091584K, used 1085683K [0x0000000080000000, 0x00000000c2a00000, 0x00000000d5580000)
  object space 1091584K, 99% used [0x0000000080000000,0x00000000c243cdb0,0x00000000c2a00000)
 Metaspace       used 64151K, committed 65728K, reserved 1114112K
  class space    used 6841K, committed 7488K, reserved 1048576K
}
Event: 2048.879 GC heap after
{Heap after GC invocations=127 (full 3):
 PSYoungGen      total 10752K, used 384K [0x00000000d5580000, 0x00000000d6180000, 0x0000000100000000)
  eden space 10240K, 0% used [0x00000000d5580000,0x00000000d5580000,0x00000000d5f80000)
  from space 512K, 75% used [0x00000000d6100000,0x00000000d6160000,0x00000000d6180000)
  to   space 512K, 0% used [0x00000000d6080000,0x00000000d6080000,0x00000000d6100000)
 ParOldGen       total 1091584K, used 1085787K [0x0000000080000000, 0x00000000c2a00000, 0x00000000d5580000)
  object space 1091584K, 99% used [0x0000000080000000,0x00000000c2456db0,0x00000000c2a00000)
 Metaspace       used 64151K, committed 65728K, reserved 1114112K
  class space    used 6841K, committed 7488K, reserved 1048576K
}
Event: 2075.512 GC heap before
{Heap before GC invocations=128 (full 3):
 PSYoungGen      total 10752K, used 10624K [0x00000000d5580000, 0x00000000d6180000, 0x0000000100000000)
  eden space 10240K, 100% used [0x00000000d5580000,0x00000000d5f80000,0x00000000d5f80000)
  from space 512K, 75% used [0x00000000d6100000,0x00000000d6160000,0x00000000d6180000)
  to   space 512K, 0% used [0x00000000d6080000,0x00000000d6080000,0x00000000d6100000)
 ParOldGen       total 1091584K, used 1085787K [0x0000000080000000, 0x00000000c2a00000, 0x00000000d5580000)
  object space 1091584K, 99% used [0x0000000080000000,0x00000000c2456db0,0x00000000c2a00000)
 Metaspace       used 64164K, committed 65728K, reserved 1114112K
  class space    used 6841K, committed 7488K, reserved 1048576K
}
Event: 2075.632 GC heap after
{Heap after GC invocations=128 (full 3):
 PSYoungGen      total 10752K, used 320K [0x00000000d5580000, 0x00000000d6180000, 0x0000000100000000)
  eden space 10240K, 0% used [0x00000000d5580000,0x00000000d5580000,0x00000000d5f80000)
  from space 512K, 62% used [0x00000000d6080000,0x00000000d60d0000,0x00000000d6100000)
  to   space 512K, 0% used [0x00000000d6100000,0x00000000d6100000,0x00000000d6180000)
 ParOldGen       total 1091584K, used 1085843K [0x0000000080000000, 0x00000000c2a00000, 0x00000000d5580000)
  object space 1091584K, 99% used [0x0000000080000000,0x00000000c2464db0,0x00000000c2a00000)
 Metaspace       used 64164K, committed 65728K, reserved 1114112K
  class space    used 6841K, committed 7488K, reserved 1048576K
}
Event: 2086.351 GC heap before
{Heap before GC invocations=129 (full 3):
 PSYoungGen      total 10752K, used 10560K [0x00000000d5580000, 0x00000000d6180000, 0x0000000100000000)
  eden space 10240K, 100% used [0x00000000d5580000,0x00000000d5f80000,0x00000000d5f80000)
  from space 512K, 62% used [0x00000000d6080000,0x00000000d60d0000,0x00000000d6100000)
  to   space 512K, 0% used [0x00000000d6100000,0x00000000d6100000,0x00000000d6180000)
 ParOldGen       total 1242112K, used 1239443K [0x0000000080000000, 0x00000000cbd00000, 0x00000000d5580000)
  object space 1242112K, 99% used [0x0000000080000000,0x00000000cba64ea0,0x00000000cbd00000)
 Metaspace       used 64212K, committed 65728K, reserved 1114112K
  class space    used 6841K, committed 7488K, reserved 1048576K
}
Event: 2086.438 GC heap after
{Heap after GC invocations=129 (full 3):
 PSYoungGen      total 10752K, used 512K [0x00000000d5580000, 0x00000000d6180000, 0x0000000100000000)
  eden space 10240K, 0% used [0x00000000d5580000,0x00000000d5580000,0x00000000d5f80000)
  from space 512K, 100% used [0x00000000d6100000,0x00000000d6180000,0x00000000d6180000)
  to   space 1024K, 0% used [0x00000000d5f80000,0x00000000d5f80000,0x00000000d6080000)
 ParOldGen       total 1242112K, used 1239491K [0x0000000080000000, 0x00000000cbd00000, 0x00000000d5580000)
  object space 1242112K, 99% used [0x0000000080000000,0x00000000cba70ea0,0x00000000cbd00000)
 Metaspace       used 64212K, committed 65728K, reserved 1114112K
  class space    used 6841K, committed 7488K, reserved 1048576K
}

