# JRE version: OpenJDK Runtime Environment Temurin-21.0.10+7 (21.0.10+7) (build 21.0.10+7-LTS)
# Java VM: OpenJDK 64-Bit Server VM Temurin-21.0.10+7 (21.0.10+7-LTS, mixed mode, sharing, tiered, compressed oops, compressed class ptrs, parallel gc, windows-amd64)
GC Precious Log:
 CardTable entry size: 512
 CPUs: 12 total, 12 available
 Memory: 7597M
 Large Page Support: Disabled
 NUMA Support: Disabled
 Compressed Oops: Enabled (32-bit)
 Alignments: Space 512K, Generation 512K, Heap 2M
 Heap Min Capacity: 100M
 Heap Initial Capacity: 100M
 Heap Max Capacity: 2G
 Pre-touch: Disabled
 Parallel Workers: 10
Heap:
 PSYoungGen      total 8192K, used 3903K [0x00000000d5580000, 0x00000000d6080000, 0x0000000100000000)
  eden space 7680K, 44% used [0x00000000d5580000,0x00000000d58d7f48,0x00000000d5d00000)
  from space 512K, 93% used [0x00000000d5e80000,0x00000000d5ef8030,0x00000000d5f00000)
  to   space 1536K, 0% used [0x00000000d5d00000,0x00000000d5d00000,0x00000000d5e80000)
 ParOldGen       total 88576K, used 88492K [0x0000000080000000, 0x0000000085680000, 0x00000000d5580000)
  object space 88576K, 99% used [0x0000000080000000,0x000000008566b318,0x0000000085680000)
 Metaspace       used 54404K, committed 55808K, reserved 1114112K
  class space    used 5783K, committed 6336K, reserved 1048576K
GC Heap History (20 events):
Event: 62.096 GC heap before
{Heap before GC invocations=119 (full 2):
 PSYoungGen      total 9216K, used 9088K [0x00000000d5580000, 0x00000000d5f80000, 0x0000000100000000)
  eden space 8704K, 100% used [0x00000000d5580000,0x00000000d5e00000,0x00000000d5e00000)
  from space 512K, 75% used [0x00000000d5f00000,0x00000000d5f60000,0x00000000d5f80000)
  to   space 512K, 0% used [0x00000000d5e80000,0x00000000d5e80000,0x00000000d5f00000)
 ParOldGen       total 84992K, used 84676K [0x0000000080000000, 0x0000000085300000, 0x00000000d5580000)
  object space 84992K, 99% used [0x0000000080000000,0x00000000852b12c8,0x0000000085300000)
 Metaspace       used 53736K, committed 55168K, reserved 1114112K
  class space    used 5695K, committed 6272K, reserved 1048576K
}
Event: 62.097 GC heap after
{Heap after GC invocations=119 (full 2):
 PSYoungGen      total 9216K, used 481K [0x00000000d5580000, 0x00000000d5f80000, 0x0000000100000000)
  eden space 8704K, 0% used [0x00000000d5580000,0x00000000d5580000,0x00000000d5e00000)
  from space 512K, 94% used [0x00000000d5e80000,0x00000000d5ef86e0,0x00000000d5f00000)
  to   space 512K, 0% used [0x00000000d5f00000,0x00000000d5f00000,0x00000000d5f80000)
 ParOldGen       total 84992K, used 84900K [0x0000000080000000, 0x0000000085300000, 0x00000000d5580000)
  object space 84992K, 99% used [0x0000000080000000,0x00000000852e92c8,0x0000000085300000)
 Metaspace       used 53736K, committed 55168K, reserved 1114112K
  class space    used 5695K, committed 6272K, reserved 1048576K
}
Event: 62.114 GC heap before
{Heap before GC invocations=120 (full 2):
 PSYoungGen      total 9216K, used 9185K [0x00000000d5580000, 0x00000000d5f80000, 0x0000000100000000)
  eden space 8704K, 100% used [0x00000000d5580000,0x00000000d5e00000,0x00000000d5e00000)
  from space 512K, 94% used [0x00000000d5e80000,0x00000000d5ef86e0,0x00000000d5f00000)
  to   space 512K, 0% used [0x00000000d5f00000,0x00000000d5f00000,0x00000000d5f80000)
 ParOldGen       total 84992K, used 84900K [0x0000000080000000, 0x0000000085300000, 0x00000000d5580000)
  object space 84992K, 99% used [0x0000000080000000,0x00000000852e92c8,0x0000000085300000)
 Metaspace       used 53736K, committed 55168K, reserved 1114112K
  class space    used 5695K, committed 6272K, reserved 1048576K
}
Event: 62.116 GC heap after
{Heap after GC invocations=120 (full 2):
 PSYoungGen      total 9216K, used 490K [0x00000000d5580000, 0x00000000d6000000, 0x0000000100000000)
  eden space 8704K, 0% used [0x00000000d5580000,0x00000000d5580000,0x00000000d5e00000)
  from space 512K, 95% used [0x00000000d5f00000,0x00000000d5f7a928,0x00000000d5f80000)
  to   space 1024K, 0% used [0x00000000d5e00000,0x00000000d5e00000,0x00000000d5f00000)
 ParOldGen       total 85504K, used 85076K [0x0000000080000000, 0x0000000085380000, 0x00000000d5580000)
  object space 85504K, 99% used [0x0000000080000000,0x00000000853152c8,0x0000000085380000)
 Metaspace       used 53736K, committed 55168K, reserved 1114112K
  class space    used 5695K, committed 6272K, reserved 1048576K
}
Event: 62.178 GC heap before
{Heap before GC invocations=121 (full 2):
 PSYoungGen      total 9216K, used 9194K [0x00000000d5580000, 0x00000000d6000000, 0x0000000100000000)
  eden space 8704K, 100% used [0x00000000d5580000,0x00000000d5e00000,0x00000000d5e00000)
  from space 512K, 95% used [0x00000000d5f00000,0x00000000d5f7a928,0x00000000d5f80000)
  to   space 1024K, 0% used [0x00000000d5e00000,0x00000000d5e00000,0x00000000d5f00000)
 ParOldGen       total 85504K, used 85076K [0x0000000080000000, 0x0000000085380000, 0x00000000d5580000)
  object space 85504K, 99% used [0x0000000080000000,0x00000000853152c8,0x0000000085380000)
 Metaspace       used 53742K, committed 55168K, reserved 1114112K
  class space    used 5695K, committed 6272K, reserved 1048576K
}
Event: 62.179 GC heap after
{Heap after GC invocations=121 (full 2):
 PSYoungGen      total 9728K, used 434K [0x00000000d5580000, 0x00000000d6000000, 0x0000000100000000)
  eden space 8704K, 0% used [0x00000000d5580000,0x00000000d5580000,0x00000000d5e00000)
  from space 1024K, 42% used [0x00000000d5e00000,0x00000000d5e6c940,0x00000000d5f00000)
  to   space 1024K, 0% used [0x00000000d5f00000,0x00000000d5f00000,0x00000000d6000000)
 ParOldGen       total 85504K, used 85308K [0x0000000080000000, 0x0000000085380000, 0x00000000d5580000)
  object space 85504K, 99% used [0x0000000080000000,0x000000008534f2c8,0x0000000085380000)
 Metaspace       used 53742K, committed 55168K, reserved 1114112K
  class space    used 5695K, committed 6272K, reserved 1048576K
}
Event: 62.196 GC heap before
{Heap before GC invocations=122 (full 2):
 PSYoungGen      total 9728K, used 9138K [0x00000000d5580000, 0x00000000d6000000, 0x0000000100000000)
  eden space 8704K, 100% used [0x00000000d5580000,0x00000000d5e00000,0x00000000d5e00000)
  from space 1024K, 42% used [0x00000000d5e00000,0x00000000d5e6c940,0x00000000d5f00000)
  to   space 1024K, 0% used [0x00000000d5f00000,0x00000000d5f00000,0x00000000d6000000)
 ParOldGen       total 85504K, used 85308K [0x0000000080000000, 0x0000000085380000, 0x00000000d5580000)
  object space 85504K, 99% used [0x0000000080000000,0x000000008534f2c8,0x0000000085380000)
 Metaspace       used 53742K, committed 55168K, reserved 1114112K
  class space    used 5695K, committed 6272K, reserved 1048576K
}
Event: 62.197 GC heap after
{Heap after GC invocations=122 (full 2):
 PSYoungGen      total 9216K, used 1000K [0x00000000d5580000, 0x00000000d6100000, 0x0000000100000000)
  eden space 8192K, 0% used [0x00000000d5580000,0x00000000d5580000,0x00000000d5d80000)
  from space 1024K, 97% used [0x00000000d5f00000,0x00000000d5ffa108,0x00000000d6000000)
  to   space 1536K, 0% used [0x00000000d5d80000,0x00000000d5d80000,0x00000000d5f00000)
 ParOldGen       total 86016K, used 85655K [0x0000000080000000, 0x0000000085400000, 0x00000000d5580000)
  object space 86016K, 99% used [0x0000000080000000,0x00000000853a5ea8,0x0000000085400000)
 Metaspace       used 53742K, committed 55168K, reserved 1114112K
  class space    used 5695K, committed 6272K, reserved 1048576K
}
Event: 62.208 GC heap before
{Heap before GC invocations=123 (full 2):
 PSYoungGen      total 9216K, used 9192K [0x00000000d5580000, 0x00000000d6100000, 0x0000000100000000)
  eden space 8192K, 100% used [0x00000000d5580000,0x00000000d5d80000,0x00000000d5d80000)
  from space 1024K, 97% used [0x00000000d5f00000,0x00000000d5ffa108,0x00000000d6000000)
  to   space 1536K, 0% used [0x00000000d5d80000,0x00000000d5d80000,0x00000000d5f00000)
 ParOldGen       total 86016K, used 85655K [0x0000000080000000, 0x0000000085400000, 0x00000000d5580000)
  object space 86016K, 99% used [0x0000000080000000,0x00000000853a5ea8,0x0000000085400000)
 Metaspace       used 53742K, committed 55168K, reserved 1114112K
  class space    used 5695K, committed 6272K, reserved 1048576K
}
Event: 62.210 GC heap after
{Heap after GC invocations=123 (full 2):
 PSYoungGen      total 9216K, used 640K [0x00000000d5580000, 0x00000000d5f80000, 0x0000000100000000)
  eden space 8192K, 0% used [0x00000000d5580000,0x00000000d5580000,0x00000000d5d80000)
  from space 1024K, 62% used [0x00000000d5d80000,0x00000000d5e20000,0x00000000d5e80000)
  to   space 1024K, 0% used [0x00000000d5e80000,0x00000000d5e80000,0x00000000d5f80000)
 ParOldGen       total 87040K, used 86631K [0x0000000080000000, 0x0000000085500000, 0x00000000d5580000)
  object space 87040K, 99% used [0x0000000080000000,0x0000000085499fb0,0x0000000085500000)
 Metaspace       used 53742K, committed 55168K, reserved 1114112K
  class space    used 5695K, committed 6272K, reserved 1048576K
}
Event: 62.225 GC heap before
{Heap before GC invocations=124 (full 2):
 PSYoungGen      total 9216K, used 8832K [0x00000000d5580000, 0x00000000d5f80000, 0x0000000100000000)
  eden space 8192K, 100% used [0x00000000d5580000,0x00000000d5d80000,0x00000000d5d80000)
  from space 1024K, 62% used [0x00000000d5d80000,0x00000000d5e20000,0x00000000d5e80000)
  to   space 1024K, 0% used [0x00000000d5e80000,0x00000000d5e80000,0x00000000d5f80000)
 ParOldGen       total 87040K, used 86631K [0x0000000080000000, 0x0000000085500000, 0x00000000d5580000)
  object space 87040K, 99% used [0x0000000080000000,0x0000000085499fb0,0x0000000085500000)
 Metaspace       used 53742K, committed 55168K, reserved 1114112K
  class space    used 5695K, committed 6272K, reserved 1048576K
}
Event: 62.226 GC heap after
{Heap after GC invocations=124 (full 2):
 PSYoungGen      total 9216K, used 544K [0x00000000d5580000, 0x00000000d5f80000, 0x0000000100000000)
  eden space 8192K, 0% used [0x00000000d5580000,0x00000000d5580000,0x00000000d5d80000)
  from space 1024K, 53% used [0x00000000d5e80000,0x00000000d5f08000,0x00000000d5f80000)
  to   space 1024K, 0% used [0x00000000d5d80000,0x00000000d5d80000,0x00000000d5e80000)
 ParOldGen       total 87552K, used 87119K [0x0000000080000000, 0x0000000085580000, 0x00000000d5580000)
  object space 87552K, 99% used [0x0000000080000000,0x0000000085513fc0,0x0000000085580000)
 Metaspace       used 53742K, committed 55168K, reserved 1114112K
  class space    used 5695K, committed 6272K, reserved 1048576K
}
Event: 62.237 GC heap before
{Heap before GC invocations=125 (full 2):
 PSYoungGen      total 9216K, used 8736K [0x00000000d5580000, 0x00000000d5f80000, 0x0000000100000000)
  eden space 8192K, 100% used [0x00000000d5580000,0x00000000d5d80000,0x00000000d5d80000)
  from space 1024K, 53% used [0x00000000d5e80000,0x00000000d5f08000,0x00000000d5f80000)
  to   space 1024K, 0% used [0x00000000d5d80000,0x00000000d5d80000,0x00000000d5e80000)
 ParOldGen       total 87552K, used 87119K [0x0000000080000000, 0x0000000085580000, 0x00000000d5580000)
  object space 87552K, 99% used [0x0000000080000000,0x0000000085513fc0,0x0000000085580000)
 Metaspace       used 53742K, committed 55168K, reserved 1114112K
  class space    used 5695K, committed 6272K, reserved 1048576K
}
Event: 62.238 GC heap after
{Heap after GC invocations=125 (full 2):
 PSYoungGen      total 9216K, used 320K [0x00000000d5580000, 0x00000000d5f00000, 0x0000000100000000)
  eden space 8192K, 0% used [0x00000000d5580000,0x00000000d5580000,0x00000000d5d80000)
  from space 1024K, 31% used [0x00000000d5d80000,0x00000000d5dd0000,0x00000000d5e80000)
  to   space 512K, 0% used [0x00000000d5e80000,0x00000000d5e80000,0x00000000d5f00000)
 ParOldGen       total 87552K, used 87511K [0x0000000080000000, 0x0000000085580000, 0x00000000d5580000)
  object space 87552K, 99% used [0x0000000080000000,0x0000000085575fc0,0x0000000085580000)
 Metaspace       used 53742K, committed 55168K, reserved 1114112K
  class space    used 5695K, committed 6272K, reserved 1048576K
}
Event: 62.289 GC heap before
{Heap before GC invocations=126 (full 2):
 PSYoungGen      total 9216K, used 8232K [0x00000000d5580000, 0x00000000d5f00000, 0x0000000100000000)
  eden space 8192K, 96% used [0x00000000d5580000,0x00000000d5d3a3a0,0x00000000d5d80000)
  from space 1024K, 31% used [0x00000000d5d80000,0x00000000d5dd0000,0x00000000d5e80000)
  to   space 512K, 0% used [0x00000000d5e80000,0x00000000d5e80000,0x00000000d5f00000)
 ParOldGen       total 87552K, used 87511K [0x0000000080000000, 0x0000000085580000, 0x00000000d5580000)
  object space 87552K, 99% used [0x0000000080000000,0x0000000085575fc0,0x0000000085580000)
 Metaspace       used 53745K, committed 55168K, reserved 1114112K
  class space    used 5695K, committed 6272K, reserved 1048576K
}
Event: 62.290 GC heap after
{Heap after GC invocations=126 (full 2):
 PSYoungGen      total 8704K, used 288K [0x00000000d5580000, 0x00000000d5f00000, 0x0000000100000000)
  eden space 8192K, 0% used [0x00000000d5580000,0x00000000d5580000,0x00000000d5d80000)
  from space 512K, 56% used [0x00000000d5e80000,0x00000000d5ec8000,0x00000000d5f00000)
  to   space 512K, 0% used [0x00000000d5e00000,0x00000000d5e00000,0x00000000d5e80000)
 ParOldGen       total 88064K, used 87716K [0x0000000080000000, 0x0000000085600000, 0x00000000d5580000)
  object space 88064K, 99% used [0x0000000080000000,0x00000000855a9318,0x0000000085600000)
 Metaspace       used 53745K, committed 55168K, reserved 1114112K
  class space    used 5695K, committed 6272K, reserved 1048576K
}
Event: 62.380 GC heap before
{Heap before GC invocations=127 (full 2):
 PSYoungGen      total 8704K, used 7876K [0x00000000d5580000, 0x00000000d5f00000, 0x0000000100000000)
  eden space 8192K, 92% used [0x00000000d5580000,0x00000000d5ce9338,0x00000000d5d80000)
  from space 512K, 56% used [0x00000000d5e80000,0x00000000d5ec8000,0x00000000d5f00000)
  to   space 512K, 0% used [0x00000000d5e00000,0x00000000d5e00000,0x00000000d5e80000)
 ParOldGen       total 88064K, used 87716K [0x0000000080000000, 0x0000000085600000, 0x00000000d5580000)
  object space 88064K, 99% used [0x0000000080000000,0x00000000855a9318,0x0000000085600000)
 Metaspace       used 53773K, committed 55168K, reserved 1114112K
  class space    used 5695K, committed 6272K, reserved 1048576K
}
Event: 62.381 GC heap after
{Heap after GC invocations=127 (full 2):
 PSYoungGen      total 8704K, used 256K [0x00000000d5580000, 0x00000000d5f00000, 0x0000000100000000)
  eden space 8192K, 0% used [0x00000000d5580000,0x00000000d5580000,0x00000000d5d80000)
  from space 512K, 50% used [0x00000000d5e00000,0x00000000d5e40000,0x00000000d5e80000)
  to   space 512K, 0% used [0x00000000d5e80000,0x00000000d5e80000,0x00000000d5f00000)
 ParOldGen       total 88064K, used 87892K [0x0000000080000000, 0x0000000085600000, 0x00000000d5580000)
  object space 88064K, 99% used [0x0000000080000000,0x00000000855d5318,0x0000000085600000)
 Metaspace       used 53773K, committed 55168K, reserved 1114112K
  class space    used 5695K, committed 6272K, reserved 1048576K
}
Event: 63.883 GC heap before
{Heap before GC invocations=128 (full 2):
 PSYoungGen      total 8704K, used 8448K [0x00000000d5580000, 0x00000000d5f00000, 0x0000000100000000)
  eden space 8192K, 100% used [0x00000000d5580000,0x00000000d5d80000,0x00000000d5d80000)
  from space 512K, 50% used [0x00000000d5e00000,0x00000000d5e40000,0x00000000d5e80000)
  to   space 512K, 0% used [0x00000000d5e80000,0x00000000d5e80000,0x00000000d5f00000)
 ParOldGen       total 88064K, used 87892K [0x0000000080000000, 0x0000000085600000, 0x00000000d5580000)
  object space 88064K, 99% used [0x0000000080000000,0x00000000855d5318,0x0000000085600000)
 Metaspace       used 54309K, committed 55680K, reserved 1114112K
  class space    used 5775K, committed 6336K, reserved 1048576K
}
Event: 63.886 GC heap after
{Heap after GC invocations=128 (full 2):
 PSYoungGen      total 8192K, used 480K [0x00000000d5580000, 0x00000000d6080000, 0x0000000100000000)
  eden space 7680K, 0% used [0x00000000d5580000,0x00000000d5580000,0x00000000d5d00000)
  from space 512K, 93% used [0x00000000d5e80000,0x00000000d5ef8030,0x00000000d5f00000)
  to   space 1536K, 0% used [0x00000000d5d00000,0x00000000d5d00000,0x00000000d5e80000)
 ParOldGen       total 88576K, used 88492K [0x0000000080000000, 0x0000000085680000, 0x00000000d5580000)
  object space 88576K, 99% used [0x0000000080000000,0x000000008566b318,0x0000000085680000)
 Metaspace       used 54309K, committed 55680K, reserved 1114112K
  class space    used 5775K, committed 6336K, reserved 1048576K
}

