# JRE version: OpenJDK Runtime Environment Temurin-21.0.10+7 (21.0.10+7) (build 21.0.10+7-LTS)
# Java VM: OpenJDK 64-Bit Server VM Temurin-21.0.10+7 (21.0.10+7-LTS, mixed mode, sharing, tiered, compressed oops, compressed class ptrs, parallel gc, windows-amd64)
GC Precious Log:
 CardTable entry size: 512
 CPUs: 12 total, 12 available
 Memory: 7597M
 Large Page Support: Disabled
 NUMA Support: Disabled
 Compressed Oops: Enabled (32-bit)
 Alignments: Space 512K, Generation 512K, Heap 2M
 Heap Min Capacity: 100M
 Heap Initial Capacity: 100M
 Heap Max Capacity: 2G
 Pre-touch: Disabled
 Parallel Workers: 10
Heap:
 PSYoungGen      total 18944K, used 1099K [0x00000000d5580000, 0x00000000d6900000, 0x0000000100000000)
  eden space 17920K, 3% used [0x00000000d5580000,0x00000000d5612f08,0x00000000d6700000)
  from space 1024K, 50% used [0x00000000d6700000,0x00000000d6780000,0x00000000d6800000)
  to   space 1024K, 0% used [0x00000000d6800000,0x00000000d6800000,0x00000000d6900000)
 ParOldGen       total 81408K, used 81144K [0x0000000080000000, 0x0000000084f80000, 0x00000000d5580000)
  object space 81408K, 99% used [0x0000000080000000,0x0000000084f3e130,0x0000000084f80000)
 Metaspace       used 54516K, committed 55936K, reserved 1114112K
  class space    used 5804K, committed 6400K, reserved 1048576K
GC Heap History (20 events):
Event: 102.523 GC heap before
{Heap before GC invocations=58 (full 2):
 PSYoungGen      total 21504K, used 21024K [0x00000000d5580000, 0x00000000d6c00000, 0x0000000100000000)
  eden space 19968K, 100% used [0x00000000d5580000,0x00000000d6900000,0x00000000d6900000)
  from space 1536K, 68% used [0x00000000d6900000,0x00000000d6a08000,0x00000000d6a80000)
  to   space 1536K, 0% used [0x00000000d6a80000,0x00000000d6a80000,0x00000000d6c00000)
 ParOldGen       total 75264K, used 75020K [0x0000000080000000, 0x0000000084980000, 0x00000000d5580000)
  object space 75264K, 99% used [0x0000000080000000,0x0000000084943028,0x0000000084980000)
 Metaspace       used 53514K, committed 54912K, reserved 1114112K
  class space    used 5678K, committed 6272K, reserved 1048576K
}
Event: 102.527 GC heap after
{Heap after GC invocations=58 (full 2):
 PSYoungGen      total 20992K, used 689K [0x00000000d5580000, 0x00000000d6b80000, 0x0000000100000000)
  eden space 19968K, 0% used [0x00000000d5580000,0x00000000d5580000,0x00000000d6900000)
  from space 1024K, 67% used [0x00000000d6a80000,0x00000000d6b2c7d0,0x00000000d6b80000)
  to   space 1024K, 0% used [0x00000000d6980000,0x00000000d6980000,0x00000000d6a80000)
 ParOldGen       total 76288K, used 75972K [0x0000000080000000, 0x0000000084a80000, 0x00000000d5580000)
  object space 76288K, 99% used [0x0000000080000000,0x0000000084a31038,0x0000000084a80000)
 Metaspace       used 53514K, committed 54912K, reserved 1114112K
  class space    used 5678K, committed 6272K, reserved 1048576K
}
Event: 106.757 GC heap before
{Heap before GC invocations=59 (full 2):
 PSYoungGen      total 20992K, used 20657K [0x00000000d5580000, 0x00000000d6b80000, 0x0000000100000000)
  eden space 19968K, 100% used [0x00000000d5580000,0x00000000d6900000,0x00000000d6900000)
  from space 1024K, 67% used [0x00000000d6a80000,0x00000000d6b2c7d0,0x00000000d6b80000)
  to   space 1024K, 0% used [0x00000000d6980000,0x00000000d6980000,0x00000000d6a80000)
 ParOldGen       total 76288K, used 75972K [0x0000000080000000, 0x0000000084a80000, 0x00000000d5580000)
  object space 76288K, 99% used [0x0000000080000000,0x0000000084a31038,0x0000000084a80000)
 Metaspace       used 53630K, committed 54976K, reserved 1114112K
  class space    used 5690K, committed 6272K, reserved 1048576K
}
Event: 106.761 GC heap after
{Heap after GC invocations=59 (full 2):
 PSYoungGen      total 20992K, used 788K [0x00000000d5580000, 0x00000000d6b00000, 0x0000000100000000)
  eden space 19968K, 0% used [0x00000000d5580000,0x00000000d5580000,0x00000000d6900000)
  from space 1024K, 77% used [0x00000000d6980000,0x00000000d6a452b8,0x00000000d6a80000)
  to   space 512K, 0% used [0x00000000d6a80000,0x00000000d6a80000,0x00000000d6b00000)
 ParOldGen       total 76800K, used 76356K [0x0000000080000000, 0x0000000084b00000, 0x00000000d5580000)
  object space 76800K, 99% used [0x0000000080000000,0x0000000084a91038,0x0000000084b00000)
 Metaspace       used 53630K, committed 54976K, reserved 1114112K
  class space    used 5690K, committed 6272K, reserved 1048576K
}
Event: 106.896 GC heap before
{Heap before GC invocations=60 (full 2):
 PSYoungGen      total 20992K, used 20756K [0x00000000d5580000, 0x00000000d6b00000, 0x0000000100000000)
  eden space 19968K, 100% used [0x00000000d5580000,0x00000000d6900000,0x00000000d6900000)
  from space 1024K, 77% used [0x00000000d6980000,0x00000000d6a452b8,0x00000000d6a80000)
  to   space 512K, 0% used [0x00000000d6a80000,0x00000000d6a80000,0x00000000d6b00000)
 ParOldGen       total 76800K, used 76356K [0x0000000080000000, 0x0000000084b00000, 0x00000000d5580000)
  object space 76800K, 99% used [0x0000000080000000,0x0000000084a91038,0x0000000084b00000)
 Metaspace       used 53631K, committed 54976K, reserved 1114112K
  class space    used 5690K, committed 6272K, reserved 1048576K
}
Event: 106.899 GC heap after
{Heap after GC invocations=60 (full 2):
 PSYoungGen      total 20480K, used 484K [0x00000000d5580000, 0x00000000d6b00000, 0x0000000100000000)
  eden space 19968K, 0% used [0x00000000d5580000,0x00000000d5580000,0x00000000d6900000)
  from space 512K, 94% used [0x00000000d6a80000,0x00000000d6af9290,0x00000000d6b00000)
  to   space 1024K, 0% used [0x00000000d6900000,0x00000000d6900000,0x00000000d6a00000)
 ParOldGen       total 76800K, used 76717K [0x0000000080000000, 0x0000000084b00000, 0x00000000d5580000)
  object space 76800K, 99% used [0x0000000080000000,0x0000000084aeb438,0x0000000084b00000)
 Metaspace       used 53631K, committed 54976K, reserved 1114112K
  class space    used 5690K, committed 6272K, reserved 1048576K
}
Event: 107.001 GC heap before
{Heap before GC invocations=61 (full 2):
 PSYoungGen      total 20480K, used 20452K [0x00000000d5580000, 0x00000000d6b00000, 0x0000000100000000)
  eden space 19968K, 100% used [0x00000000d5580000,0x00000000d6900000,0x00000000d6900000)
  from space 512K, 94% used [0x00000000d6a80000,0x00000000d6af9290,0x00000000d6b00000)
  to   space 1024K, 0% used [0x00000000d6900000,0x00000000d6900000,0x00000000d6a00000)
 ParOldGen       total 76800K, used 76717K [0x0000000080000000, 0x0000000084b00000, 0x00000000d5580000)
  object space 76800K, 99% used [0x0000000080000000,0x0000000084aeb438,0x0000000084b00000)
 Metaspace       used 53647K, committed 54976K, reserved 1114112K
  class space    used 5690K, committed 6272K, reserved 1048576K
}
Event: 107.003 GC heap after
{Heap after GC invocations=61 (full 2):
 PSYoungGen      total 20992K, used 743K [0x00000000d5580000, 0x00000000d6b00000, 0x0000000100000000)
  eden space 19968K, 0% used [0x00000000d5580000,0x00000000d5580000,0x00000000d6900000)
  from space 1024K, 72% used [0x00000000d6900000,0x00000000d69b9e10,0x00000000d6a00000)
  to   space 1024K, 0% used [0x00000000d6a00000,0x00000000d6a00000,0x00000000d6b00000)
 ParOldGen       total 77312K, used 77093K [0x0000000080000000, 0x0000000084b80000, 0x00000000d5580000)
  object space 77312K, 99% used [0x0000000080000000,0x0000000084b49438,0x0000000084b80000)
 Metaspace       used 53647K, committed 54976K, reserved 1114112K
  class space    used 5690K, committed 6272K, reserved 1048576K
}
Event: 107.089 GC heap before
{Heap before GC invocations=62 (full 2):
 PSYoungGen      total 20992K, used 20711K [0x00000000d5580000, 0x00000000d6b00000, 0x0000000100000000)
  eden space 19968K, 100% used [0x00000000d5580000,0x00000000d6900000,0x00000000d6900000)
  from space 1024K, 72% used [0x00000000d6900000,0x00000000d69b9e10,0x00000000d6a00000)
  to   space 1024K, 0% used [0x00000000d6a00000,0x00000000d6a00000,0x00000000d6b00000)
 ParOldGen       total 77312K, used 77093K [0x0000000080000000, 0x0000000084b80000, 0x00000000d5580000)
  object space 77312K, 99% used [0x0000000080000000,0x0000000084b49438,0x0000000084b80000)
 Metaspace       used 53648K, committed 54976K, reserved 1114112K
  class space    used 5690K, committed 6272K, reserved 1048576K
}
Event: 107.092 GC heap after
{Heap after GC invocations=62 (full 2):
 PSYoungGen      total 20480K, used 1023K [0x00000000d5580000, 0x00000000d6c00000, 0x0000000100000000)
  eden space 19456K, 0% used [0x00000000d5580000,0x00000000d5580000,0x00000000d6880000)
  from space 1024K, 99% used [0x00000000d6a00000,0x00000000d6afff90,0x00000000d6b00000)
  to   space 1536K, 0% used [0x00000000d6880000,0x00000000d6880000,0x00000000d6a00000)
 ParOldGen       total 77824K, used 77437K [0x0000000080000000, 0x0000000084c00000, 0x00000000d5580000)
  object space 77824K, 99% used [0x0000000080000000,0x0000000084b9f438,0x0000000084c00000)
 Metaspace       used 53648K, committed 54976K, reserved 1114112K
  class space    used 5690K, committed 6272K, reserved 1048576K
}
Event: 107.162 GC heap before
{Heap before GC invocations=63 (full 2):
 PSYoungGen      total 20480K, used 20479K [0x00000000d5580000, 0x00000000d6c00000, 0x0000000100000000)
  eden space 19456K, 100% used [0x00000000d5580000,0x00000000d6880000,0x00000000d6880000)
  from space 1024K, 99% used [0x00000000d6a00000,0x00000000d6afff90,0x00000000d6b00000)
  to   space 1536K, 0% used [0x00000000d6880000,0x00000000d6880000,0x00000000d6a00000)
 ParOldGen       total 77824K, used 77437K [0x0000000080000000, 0x0000000084c00000, 0x00000000d5580000)
  object space 77824K, 99% used [0x0000000080000000,0x0000000084b9f438,0x0000000084c00000)
 Metaspace       used 53649K, committed 54976K, reserved 1114112K
  class space    used 5690K, committed 6272K, reserved 1048576K
}
Event: 107.166 GC heap after
{Heap after GC invocations=63 (full 2):
 PSYoungGen      total 19968K, used 512K [0x00000000d5580000, 0x00000000d6a80000, 0x0000000100000000)
  eden space 19456K, 0% used [0x00000000d5580000,0x00000000d5580000,0x00000000d6880000)
  from space 512K, 100% used [0x00000000d6880000,0x00000000d6900000,0x00000000d6900000)
  to   space 1024K, 0% used [0x00000000d6980000,0x00000000d6980000,0x00000000d6a80000)
 ParOldGen       total 77824K, used 77605K [0x0000000080000000, 0x0000000084c00000, 0x00000000d5580000)
  object space 77824K, 99% used [0x0000000080000000,0x0000000084bc9438,0x0000000084c00000)
 Metaspace       used 53649K, committed 54976K, reserved 1114112K
  class space    used 5690K, committed 6272K, reserved 1048576K
}
Event: 107.290 GC heap before
{Heap before GC invocations=64 (full 2):
 PSYoungGen      total 19968K, used 19968K [0x00000000d5580000, 0x00000000d6a80000, 0x0000000100000000)
  eden space 19456K, 100% used [0x00000000d5580000,0x00000000d6880000,0x00000000d6880000)
  from space 512K, 100% used [0x00000000d6880000,0x00000000d6900000,0x00000000d6900000)
  to   space 1024K, 0% used [0x00000000d6980000,0x00000000d6980000,0x00000000d6a80000)
 ParOldGen       total 77824K, used 77605K [0x0000000080000000, 0x0000000084c00000, 0x00000000d5580000)
  object space 77824K, 99% used [0x0000000080000000,0x0000000084bc9438,0x0000000084c00000)
 Metaspace       used 53656K, committed 54976K, reserved 1114112K
  class space    used 5690K, committed 6272K, reserved 1048576K
}
Event: 107.294 GC heap after
{Heap after GC invocations=64 (full 2):
 PSYoungGen      total 18944K, used 1015K [0x00000000d5580000, 0x00000000d6d80000, 0x0000000100000000)
  eden space 17920K, 0% used [0x00000000d5580000,0x00000000d5580000,0x00000000d6700000)
  from space 1024K, 99% used [0x00000000d6980000,0x00000000d6a7dc68,0x00000000d6a80000)
  to   space 2560K, 0% used [0x00000000d6700000,0x00000000d6700000,0x00000000d6980000)
 ParOldGen       total 78848K, used 78773K [0x0000000080000000, 0x0000000084d00000, 0x00000000d5580000)
  object space 78848K, 99% used [0x0000000080000000,0x0000000084ced540,0x0000000084d00000)
 Metaspace       used 53656K, committed 54976K, reserved 1114112K
  class space    used 5690K, committed 6272K, reserved 1048576K
}
Event: 107.354 GC heap before
{Heap before GC invocations=65 (full 2):
 PSYoungGen      total 18944K, used 18935K [0x00000000d5580000, 0x00000000d6d80000, 0x0000000100000000)
  eden space 17920K, 100% used [0x00000000d5580000,0x00000000d6700000,0x00000000d6700000)
  from space 1024K, 99% used [0x00000000d6980000,0x00000000d6a7dc68,0x00000000d6a80000)
  to   space 2560K, 0% used [0x00000000d6700000,0x00000000d6700000,0x00000000d6980000)
 ParOldGen       total 78848K, used 78773K [0x0000000080000000, 0x0000000084d00000, 0x00000000d5580000)
  object space 78848K, 99% used [0x0000000080000000,0x0000000084ced540,0x0000000084d00000)
 Metaspace       used 53657K, committed 54976K, reserved 1114112K
  class space    used 5690K, committed 6272K, reserved 1048576K
}
Event: 107.358 GC heap after
{Heap after GC invocations=65 (full 2):
 PSYoungGen      total 19456K, used 1088K [0x00000000d5580000, 0x00000000d6a00000, 0x0000000100000000)
  eden space 17920K, 0% used [0x00000000d5580000,0x00000000d5580000,0x00000000d6700000)
  from space 1536K, 70% used [0x00000000d6700000,0x00000000d6810000,0x00000000d6880000)
  to   space 1536K, 0% used [0x00000000d6880000,0x00000000d6880000,0x00000000d6a00000)
 ParOldGen       total 80384K, used 79792K [0x0000000080000000, 0x0000000084e80000, 0x00000000d5580000)
  object space 80384K, 99% used [0x0000000080000000,0x0000000084dec120,0x0000000084e80000)
 Metaspace       used 53657K, committed 54976K, reserved 1114112K
  class space    used 5690K, committed 6272K, reserved 1048576K
}
Event: 107.462 GC heap before
{Heap before GC invocations=66 (full 2):
 PSYoungGen      total 19456K, used 18960K [0x00000000d5580000, 0x00000000d6a00000, 0x0000000100000000)
  eden space 17920K, 99% used [0x00000000d5580000,0x00000000d66f42a0,0x00000000d6700000)
  from space 1536K, 70% used [0x00000000d6700000,0x00000000d6810000,0x00000000d6880000)
  to   space 1536K, 0% used [0x00000000d6880000,0x00000000d6880000,0x00000000d6a00000)
 ParOldGen       total 80384K, used 79792K [0x0000000080000000, 0x0000000084e80000, 0x00000000d5580000)
  object space 80384K, 99% used [0x0000000080000000,0x0000000084dec120,0x0000000084e80000)
 Metaspace       used 53676K, committed 55040K, reserved 1114112K
  class space    used 5690K, committed 6272K, reserved 1048576K
}
Event: 107.465 GC heap after
{Heap after GC invocations=66 (full 2):
 PSYoungGen      total 18432K, used 480K [0x00000000d5580000, 0x00000000d6900000, 0x0000000100000000)
  eden space 17920K, 0% used [0x00000000d5580000,0x00000000d5580000,0x00000000d6700000)
  from space 512K, 93% used [0x00000000d6880000,0x00000000d68f8000,0x00000000d6900000)
  to   space 1024K, 0% used [0x00000000d6700000,0x00000000d6700000,0x00000000d6800000)
 ParOldGen       total 80896K, used 80768K [0x0000000080000000, 0x0000000084f00000, 0x00000000d5580000)
  object space 80896K, 99% used [0x0000000080000000,0x0000000084ee0130,0x0000000084f00000)
 Metaspace       used 53676K, committed 55040K, reserved 1114112K
  class space    used 5690K, committed 6272K, reserved 1048576K
}
Event: 157.889 GC heap before
{Heap before GC invocations=67 (full 2):
 PSYoungGen      total 18432K, used 18400K [0x00000000d5580000, 0x00000000d6900000, 0x0000000100000000)
  eden space 17920K, 100% used [0x00000000d5580000,0x00000000d6700000,0x00000000d6700000)
  from space 512K, 93% used [0x00000000d6880000,0x00000000d68f8000,0x00000000d6900000)
  to   space 1024K, 0% used [0x00000000d6700000,0x00000000d6700000,0x00000000d6800000)
 ParOldGen       total 80896K, used 80768K [0x0000000080000000, 0x0000000084f00000, 0x00000000d5580000)
  object space 80896K, 99% used [0x0000000080000000,0x0000000084ee0130,0x0000000084f00000)
 Metaspace       used 54505K, committed 55936K, reserved 1114112K
  class space    used 5803K, committed 6400K, reserved 1048576K
}
Event: 157.916 GC heap after
{Heap after GC invocations=67 (full 2):
 PSYoungGen      total 18944K, used 512K [0x00000000d5580000, 0x00000000d6900000, 0x0000000100000000)
  eden space 17920K, 0% used [0x00000000d5580000,0x00000000d5580000,0x00000000d6700000)
  from space 1024K, 50% used [0x00000000d6700000,0x00000000d6780000,0x00000000d6800000)
  to   space 1024K, 0% used [0x00000000d6800000,0x00000000d6800000,0x00000000d6900000)
 ParOldGen       total 81408K, used 81144K [0x0000000080000000, 0x0000000084f80000, 0x00000000d5580000)
  object space 81408K, 99% used [0x0000000080000000,0x0000000084f3e130,0x0000000084f80000)
 Metaspace       used 54505K, committed 55936K, reserved 1114112K
  class space    used 5803K, committed 6400K, reserved 1048576K
}

