# JRE version: Java(TM) SE Runtime Environment (17.0.13+10) (build 17.0.13+10-LTS-268)
# Java VM: Java HotSpot(TM) 64-Bit Server VM (17.0.13+10-LTS-268, mixed mode, tiered, compressed oops, compressed class ptrs, g1 gc, windows-amd64)
GC Precious Log:
 CPUs: 12 total, 12 available
 Memory: 7597M
 Large Page Support: Disabled
 NUMA Support: Disabled
 Compressed Oops: Enabled (32-bit)
 Heap Region Size: 1M
 Heap Min Capacity: 8M
 Heap Initial Capacity: 120M
 Heap Max Capacity: 1900M
 Pre-touch: Disabled
 Parallel Workers: 10
 Concurrent Workers: 3
 Concurrent Refinement Workers: 10
 Periodic GC: Disabled
Heap:
 garbage-first heap   total 37888K, used 12914K [0x0000000089400000, 0x0000000100000000)
  region size 1024K, 4 young (4096K), 1 survivors (1024K)
 Metaspace       used 27623K, committed 27840K, reserved 1114112K
  class space    used 2900K, committed 3008K, reserved 1048576K
GC Heap History (8 events):
Event: 15.468 GC heap before
{Heap before GC invocations=0 (full 0):
 garbage-first heap   total 122880K, used 27648K [0x0000000089400000, 0x0000000100000000)
  region size 1024K, 23 young (23552K), 0 survivors (0K)
 Metaspace       used 15580K, committed 15744K, reserved 1114112K
  class space    used 1407K, committed 1472K, reserved 1048576K
}
Event: 15.475 GC heap after
{Heap after GC invocations=1 (full 0):
 garbage-first heap   total 122880K, used 8552K [0x0000000089400000, 0x0000000100000000)
  region size 1024K, 3 young (3072K), 3 survivors (3072K)
 Metaspace       used 15580K, committed 15744K, reserved 1114112K
  class space    used 1407K, committed 1472K, reserved 1048576K
}
Event: 20.215 GC heap before
{Heap before GC invocations=1 (full 0):
 garbage-first heap   total 122880K, used 25960K [0x0000000089400000, 0x0000000100000000)
  region size 1024K, 21 young (21504K), 3 survivors (3072K)
 Metaspace       used 21337K, committed 21504K, reserved 1114112K
  class space    used 2097K, committed 2176K, reserved 1048576K
}
Event: 20.224 GC heap after
{Heap after GC invocations=2 (full 0):
 garbage-first heap   total 122880K, used 9509K [0x0000000089400000, 0x0000000100000000)
  region size 1024K, 1 young (1024K), 1 survivors (1024K)
 Metaspace       used 21337K, committed 21504K, reserved 1114112K
  class space    used 2097K, committed 2176K, reserved 1048576K
}
Event: 22.023 GC heap before
{Heap before GC invocations=3 (full 0):
 garbage-first heap   total 37888K, used 29989K [0x0000000089400000, 0x0000000100000000)
  region size 1024K, 22 young (22528K), 1 survivors (1024K)
 Metaspace       used 26847K, committed 27136K, reserved 1114112K
  class space    used 2798K, committed 2944K, reserved 1048576K
}
Event: 22.030 GC heap after
{Heap after GC invocations=4 (full 0):
 garbage-first heap   total 37888K, used 10622K [0x0000000089400000, 0x0000000100000000)
  region size 1024K, 2 young (2048K), 2 survivors (2048K)
 Metaspace       used 26847K, committed 27136K, reserved 1114112K
  class space    used 2798K, committed 2944K, reserved 1048576K
}
Event: 22.145 GC heap before
{Heap before GC invocations=4 (full 0):
 garbage-first heap   total 37888K, used 11646K [0x0000000089400000, 0x0000000100000000)
  region size 1024K, 3 young (3072K), 2 survivors (2048K)
 Metaspace       used 27082K, committed 27328K, reserved 1114112K
  class space    used 2834K, committed 2944K, reserved 1048576K
}
Event: 22.151 GC heap after
{Heap after GC invocations=5 (full 0):
 garbage-first heap   total 37888K, used 10866K [0x0000000089400000, 0x0000000100000000)
  region size 1024K, 1 young (1024K), 1 survivors (1024K)
 Metaspace       used 27082K, committed 27328K, reserved 1114112K
  class space    used 2834K, committed 2944K, reserved 1048576K
}

