# JRE version: OpenJDK Runtime Environment Temurin-21.0.10+7 (21.0.10+7) (build 21.0.10+7-LTS)
# Java VM: OpenJDK 64-Bit Server VM Temurin-21.0.10+7 (21.0.10+7-LTS, mixed mode, sharing, tiered, compressed oops, compressed class ptrs, parallel gc, windows-amd64)
GC Precious Log:
 CardTable entry size: 512
 CPUs: 12 total, 12 available
 Memory: 7597M
 Large Page Support: Disabled
 NUMA Support: Disabled
 Compressed Oops: Enabled (32-bit)
 Alignments: Space 512K, Generation 512K, Heap 2M
 Heap Min Capacity: 100M
 Heap Initial Capacity: 100M
 Heap Max Capacity: 2G
 Pre-touch: Disabled
 Parallel Workers: 10
Heap:
 PSYoungGen      total 7680K, used 776K [0x00000000d5580000, 0x00000000d5d80000, 0x0000000100000000)
  eden space 6656K, 4% used [0x00000000d5580000,0x00000000d55d2188,0x00000000d5c00000)
  from space 1024K, 43% used [0x00000000d5c00000,0x00000000d5c70000,0x00000000d5d00000)
  to   space 512K, 0% used [0x00000000d5d00000,0x00000000d5d00000,0x00000000d5d80000)
 ParOldGen       total 309760K, used 308408K [0x0000000080000000, 0x0000000092e80000, 0x00000000d5580000)
  object space 309760K, 99% used [0x0000000080000000,0x0000000092d2e228,0x0000000092e80000)
 Metaspace       used 62922K, committed 64384K, reserved 1114112K
  class space    used 6755K, committed 7360K, reserved 1048576K
GC Heap History (20 events):
Event: 81.643 GC heap before
{Heap before GC invocations=147 (full 3):
 PSYoungGen      total 7680K, used 7632K [0x00000000d5580000, 0x00000000d5f00000, 0x0000000100000000)
  eden space 6656K, 99% used [0x00000000d5580000,0x00000000d5bf7c90,0x00000000d5c00000)
  from space 1024K, 98% used [0x00000000d5c00000,0x00000000d5cfc558,0x00000000d5d00000)
  to   space 1536K, 0% used [0x00000000d5d80000,0x00000000d5d80000,0x00000000d5f00000)
 ParOldGen       total 92160K, used 58888K [0x0000000080000000, 0x0000000085a00000, 0x00000000d5580000)
  object space 92160K, 63% used [0x0000000080000000,0x0000000083982138,0x0000000085a00000)
 Metaspace       used 60005K, committed 61440K, reserved 1114112K
  class space    used 6420K, committed 7040K, reserved 1048576K
}
Event: 81.645 GC heap after
{Heap after GC invocations=147 (full 3):
 PSYoungGen      total 7680K, used 640K [0x00000000d5580000, 0x00000000d5e80000, 0x0000000100000000)
  eden space 6656K, 0% used [0x00000000d5580000,0x00000000d5580000,0x00000000d5c00000)
  from space 1024K, 62% used [0x00000000d5d80000,0x00000000d5e20000,0x00000000d5e80000)
  to   space 1024K, 0% used [0x00000000d5c00000,0x00000000d5c00000,0x00000000d5d00000)
 ParOldGen       total 92160K, used 59633K [0x0000000080000000, 0x0000000085a00000, 0x00000000d5580000)
  object space 92160K, 64% used [0x0000000080000000,0x0000000083a3c5d8,0x0000000085a00000)
 Metaspace       used 60005K, committed 61440K, reserved 1114112K
  class space    used 6420K, committed 7040K, reserved 1048576K
}
Event: 81.814 GC heap before
{Heap before GC invocations=148 (full 3):
 PSYoungGen      total 7680K, used 7296K [0x00000000d5580000, 0x00000000d5e80000, 0x0000000100000000)
  eden space 6656K, 100% used [0x00000000d5580000,0x00000000d5c00000,0x00000000d5c00000)
  from space 1024K, 62% used [0x00000000d5d80000,0x00000000d5e20000,0x00000000d5e80000)
  to   space 1024K, 0% used [0x00000000d5c00000,0x00000000d5c00000,0x00000000d5d00000)
 ParOldGen       total 92160K, used 59633K [0x0000000080000000, 0x0000000085a00000, 0x00000000d5580000)
  object space 92160K, 64% used [0x0000000080000000,0x0000000083a3c5d8,0x0000000085a00000)
 Metaspace       used 60778K, committed 62208K, reserved 1114112K
  class space    used 6512K, committed 7104K, reserved 1048576K
}
Event: 81.815 GC heap after
{Heap after GC invocations=148 (full 3):
 PSYoungGen      total 7680K, used 572K [0x00000000d5580000, 0x00000000d5e00000, 0x0000000100000000)
  eden space 6656K, 0% used [0x00000000d5580000,0x00000000d5580000,0x00000000d5c00000)
  from space 1024K, 55% used [0x00000000d5c00000,0x00000000d5c8f2e8,0x00000000d5d00000)
  to   space 1024K, 0% used [0x00000000d5d00000,0x00000000d5d00000,0x00000000d5e00000)
 ParOldGen       total 92160K, used 60012K [0x0000000080000000, 0x0000000085a00000, 0x00000000d5580000)
  object space 92160K, 65% used [0x0000000080000000,0x0000000083a9b2d8,0x0000000085a00000)
 Metaspace       used 60778K, committed 62208K, reserved 1114112K
  class space    used 6512K, committed 7104K, reserved 1048576K
}
Event: 82.270 GC heap before
{Heap before GC invocations=149 (full 3):
 PSYoungGen      total 7680K, used 7228K [0x00000000d5580000, 0x00000000d5e00000, 0x0000000100000000)
  eden space 6656K, 100% used [0x00000000d5580000,0x00000000d5c00000,0x00000000d5c00000)
  from space 1024K, 55% used [0x00000000d5c00000,0x00000000d5c8f2e8,0x00000000d5d00000)
  to   space 1024K, 0% used [0x00000000d5d00000,0x00000000d5d00000,0x00000000d5e00000)
 ParOldGen       total 92160K, used 60012K [0x0000000080000000, 0x0000000085a00000, 0x00000000d5580000)
  object space 92160K, 65% used [0x0000000080000000,0x0000000083a9b2d8,0x0000000085a00000)
 Metaspace       used 61184K, committed 62592K, reserved 1114112K
  class space    used 6567K, committed 7168K, reserved 1048576K
}
Event: 82.272 GC heap after
{Heap after GC invocations=149 (full 3):
 PSYoungGen      total 7680K, used 880K [0x00000000d5580000, 0x00000000d5e00000, 0x0000000100000000)
  eden space 6656K, 0% used [0x00000000d5580000,0x00000000d5580000,0x00000000d5c00000)
  from space 1024K, 85% used [0x00000000d5d00000,0x00000000d5ddc010,0x00000000d5e00000)
  to   space 1024K, 0% used [0x00000000d5c00000,0x00000000d5c00000,0x00000000d5d00000)
 ParOldGen       total 92160K, used 60348K [0x0000000080000000, 0x0000000085a00000, 0x00000000d5580000)
  object space 92160K, 65% used [0x0000000080000000,0x0000000083aef068,0x0000000085a00000)
 Metaspace       used 61184K, committed 62592K, reserved 1114112K
  class space    used 6567K, committed 7168K, reserved 1048576K
}
Event: 82.855 GC heap before
{Heap before GC invocations=150 (full 3):
 PSYoungGen      total 7680K, used 7536K [0x00000000d5580000, 0x00000000d5e00000, 0x0000000100000000)
  eden space 6656K, 100% used [0x00000000d5580000,0x00000000d5c00000,0x00000000d5c00000)
  from space 1024K, 85% used [0x00000000d5d00000,0x00000000d5ddc010,0x00000000d5e00000)
  to   space 1024K, 0% used [0x00000000d5c00000,0x00000000d5c00000,0x00000000d5d00000)
 ParOldGen       total 92160K, used 60348K [0x0000000080000000, 0x0000000085a00000, 0x00000000d5580000)
  object space 92160K, 65% used [0x0000000080000000,0x0000000083aef068,0x0000000085a00000)
 Metaspace       used 61431K, committed 62784K, reserved 1114112K
  class space    used 6604K, committed 7168K, reserved 1048576K
}
Event: 82.857 GC heap after
{Heap after GC invocations=150 (full 3):
 PSYoungGen      total 7680K, used 960K [0x00000000d5580000, 0x00000000d5e00000, 0x0000000100000000)
  eden space 6656K, 0% used [0x00000000d5580000,0x00000000d5580000,0x00000000d5c00000)
  from space 1024K, 93% used [0x00000000d5c00000,0x00000000d5cf0020,0x00000000d5d00000)
  to   space 1024K, 0% used [0x00000000d5d00000,0x00000000d5d00000,0x00000000d5e00000)
 ParOldGen       total 92160K, used 60880K [0x0000000080000000, 0x0000000085a00000, 0x00000000d5580000)
  object space 92160K, 66% used [0x0000000080000000,0x0000000083b74098,0x0000000085a00000)
 Metaspace       used 61431K, committed 62784K, reserved 1114112K
  class space    used 6604K, committed 7168K, reserved 1048576K
}
Event: 83.154 GC heap before
{Heap before GC invocations=151 (full 3):
 PSYoungGen      total 7680K, used 7616K [0x00000000d5580000, 0x00000000d5e00000, 0x0000000100000000)
  eden space 6656K, 100% used [0x00000000d5580000,0x00000000d5c00000,0x00000000d5c00000)
  from space 1024K, 93% used [0x00000000d5c00000,0x00000000d5cf0020,0x00000000d5d00000)
  to   space 1024K, 0% used [0x00000000d5d00000,0x00000000d5d00000,0x00000000d5e00000)
 ParOldGen       total 92160K, used 60880K [0x0000000080000000, 0x0000000085a00000, 0x00000000d5580000)
  object space 92160K, 66% used [0x0000000080000000,0x0000000083b74098,0x0000000085a00000)
 Metaspace       used 61436K, committed 62784K, reserved 1114112K
  class space    used 6604K, committed 7168K, reserved 1048576K
}
Event: 83.156 GC heap after
{Heap after GC invocations=151 (full 3):
 PSYoungGen      total 7680K, used 608K [0x00000000d5580000, 0x00000000d5e00000, 0x0000000100000000)
  eden space 6656K, 0% used [0x00000000d5580000,0x00000000d5580000,0x00000000d5c00000)
  from space 1024K, 59% used [0x00000000d5d00000,0x00000000d5d98000,0x00000000d5e00000)
  to   space 1024K, 0% used [0x00000000d5c00000,0x00000000d5c00000,0x00000000d5d00000)
 ParOldGen       total 92160K, used 61484K [0x0000000080000000, 0x0000000085a00000, 0x00000000d5580000)
  object space 92160K, 66% used [0x0000000080000000,0x0000000083c0b0a8,0x0000000085a00000)
 Metaspace       used 61436K, committed 62784K, reserved 1114112K
  class space    used 6604K, committed 7168K, reserved 1048576K
}
Event: 83.543 GC heap before
{Heap before GC invocations=152 (full 3):
 PSYoungGen      total 7680K, used 7264K [0x00000000d5580000, 0x00000000d5e00000, 0x0000000100000000)
  eden space 6656K, 100% used [0x00000000d5580000,0x00000000d5c00000,0x00000000d5c00000)
  from space 1024K, 59% used [0x00000000d5d00000,0x00000000d5d98000,0x00000000d5e00000)
  to   space 1024K, 0% used [0x00000000d5c00000,0x00000000d5c00000,0x00000000d5d00000)
 ParOldGen       total 92160K, used 61484K [0x0000000080000000, 0x0000000085a00000, 0x00000000d5580000)
  object space 92160K, 66% used [0x0000000080000000,0x0000000083c0b0a8,0x0000000085a00000)
 Metaspace       used 61936K, committed 63360K, reserved 1114112K
  class space    used 6662K, committed 7296K, reserved 1048576K
}
Event: 83.545 GC heap after
{Heap after GC invocations=152 (full 3):
 PSYoungGen      total 7680K, used 602K [0x00000000d5580000, 0x00000000d5e00000, 0x0000000100000000)
  eden space 6656K, 0% used [0x00000000d5580000,0x00000000d5580000,0x00000000d5c00000)
  from space 1024K, 58% used [0x00000000d5c00000,0x00000000d5c968c8,0x00000000d5d00000)
  to   space 1024K, 0% used [0x00000000d5d00000,0x00000000d5d00000,0x00000000d5e00000)
 ParOldGen       total 92160K, used 61884K [0x0000000080000000, 0x0000000085a00000, 0x00000000d5580000)
  object space 92160K, 67% used [0x0000000080000000,0x0000000083c6f0a8,0x0000000085a00000)
 Metaspace       used 61936K, committed 63360K, reserved 1114112K
  class space    used 6662K, committed 7296K, reserved 1048576K
}
Event: 84.320 GC heap before
{Heap before GC invocations=153 (full 3):
 PSYoungGen      total 7680K, used 7258K [0x00000000d5580000, 0x00000000d5e00000, 0x0000000100000000)
  eden space 6656K, 100% used [0x00000000d5580000,0x00000000d5c00000,0x00000000d5c00000)
  from space 1024K, 58% used [0x00000000d5c00000,0x00000000d5c968c8,0x00000000d5d00000)
  to   space 1024K, 0% used [0x00000000d5d00000,0x00000000d5d00000,0x00000000d5e00000)
 ParOldGen       total 309760K, used 307644K [0x0000000080000000, 0x0000000092e80000, 0x00000000d5580000)
  object space 309760K, 99% used [0x0000000080000000,0x0000000092c6f228,0x0000000092e80000)
 Metaspace       used 62207K, committed 63616K, reserved 1114112K
  class space    used 6681K, committed 7296K, reserved 1048576K
}
Event: 84.322 GC heap after
{Heap after GC invocations=153 (full 3):
 PSYoungGen      total 7168K, used 384K [0x00000000d5580000, 0x00000000d5d80000, 0x0000000100000000)
  eden space 6656K, 0% used [0x00000000d5580000,0x00000000d5580000,0x00000000d5c00000)
  from space 512K, 75% used [0x00000000d5d00000,0x00000000d5d60000,0x00000000d5d80000)
  to   space 512K, 0% used [0x00000000d5c80000,0x00000000d5c80000,0x00000000d5d00000)
 ParOldGen       total 309760K, used 308036K [0x0000000080000000, 0x0000000092e80000, 0x00000000d5580000)
  object space 309760K, 99% used [0x0000000080000000,0x0000000092cd1218,0x0000000092e80000)
 Metaspace       used 62207K, committed 63616K, reserved 1114112K
  class space    used 6681K, committed 7296K, reserved 1048576K
}
Event: 84.787 GC heap before
{Heap before GC invocations=154 (full 3):
 PSYoungGen      total 7168K, used 7040K [0x00000000d5580000, 0x00000000d5d80000, 0x0000000100000000)
  eden space 6656K, 100% used [0x00000000d5580000,0x00000000d5c00000,0x00000000d5c00000)
  from space 512K, 75% used [0x00000000d5d00000,0x00000000d5d60000,0x00000000d5d80000)
  to   space 512K, 0% used [0x00000000d5c80000,0x00000000d5c80000,0x00000000d5d00000)
 ParOldGen       total 309760K, used 308036K [0x0000000080000000, 0x0000000092e80000, 0x00000000d5580000)
  object space 309760K, 99% used [0x0000000080000000,0x0000000092cd1218,0x0000000092e80000)
 Metaspace       used 62295K, committed 63680K, reserved 1114112K
  class space    used 6681K, committed 7296K, reserved 1048576K
}
Event: 84.788 GC heap after
{Heap after GC invocations=154 (full 3):
 PSYoungGen      total 7168K, used 352K [0x00000000d5580000, 0x00000000d5d80000, 0x0000000100000000)
  eden space 6656K, 0% used [0x00000000d5580000,0x00000000d5580000,0x00000000d5c00000)
  from space 512K, 68% used [0x00000000d5c80000,0x00000000d5cd8000,0x00000000d5d00000)
  to   space 512K, 0% used [0x00000000d5d00000,0x00000000d5d00000,0x00000000d5d80000)
 ParOldGen       total 309760K, used 308184K [0x0000000080000000, 0x0000000092e80000, 0x00000000d5580000)
  object space 309760K, 99% used [0x0000000080000000,0x0000000092cf6228,0x0000000092e80000)
 Metaspace       used 62295K, committed 63680K, reserved 1114112K
  class space    used 6681K, committed 7296K, reserved 1048576K
}
Event: 85.012 GC heap before
{Heap before GC invocations=155 (full 3):
 PSYoungGen      total 7168K, used 7008K [0x00000000d5580000, 0x00000000d5d80000, 0x0000000100000000)
  eden space 6656K, 100% used [0x00000000d5580000,0x00000000d5c00000,0x00000000d5c00000)
  from space 512K, 68% used [0x00000000d5c80000,0x00000000d5cd8000,0x00000000d5d00000)
  to   space 512K, 0% used [0x00000000d5d00000,0x00000000d5d00000,0x00000000d5d80000)
 ParOldGen       total 309760K, used 308184K [0x0000000080000000, 0x0000000092e80000, 0x00000000d5580000)
  object space 309760K, 99% used [0x0000000080000000,0x0000000092cf6228,0x0000000092e80000)
 Metaspace       used 62390K, committed 63872K, reserved 1114112K
  class space    used 6683K, committed 7296K, reserved 1048576K
}
Event: 85.014 GC heap after
{Heap after GC invocations=155 (full 3):
 PSYoungGen      total 7168K, used 512K [0x00000000d5580000, 0x00000000d5e00000, 0x0000000100000000)
  eden space 6656K, 0% used [0x00000000d5580000,0x00000000d5580000,0x00000000d5c00000)
  from space 512K, 100% used [0x00000000d5d00000,0x00000000d5d80000,0x00000000d5d80000)
  to   space 1024K, 0% used [0x00000000d5c00000,0x00000000d5c00000,0x00000000d5d00000)
 ParOldGen       total 309760K, used 308264K [0x0000000080000000, 0x0000000092e80000, 0x00000000d5580000)
  object space 309760K, 99% used [0x0000000080000000,0x0000000092d0a228,0x0000000092e80000)
 Metaspace       used 62390K, committed 63872K, reserved 1114112K
  class space    used 6683K, committed 7296K, reserved 1048576K
}
Event: 85.776 GC heap before
{Heap before GC invocations=156 (full 3):
 PSYoungGen      total 7168K, used 7167K [0x00000000d5580000, 0x00000000d5e00000, 0x0000000100000000)
  eden space 6656K, 99% used [0x00000000d5580000,0x00000000d5bffff0,0x00000000d5c00000)
  from space 512K, 100% used [0x00000000d5d00000,0x00000000d5d80000,0x00000000d5d80000)
  to   space 1024K, 0% used [0x00000000d5c00000,0x00000000d5c00000,0x00000000d5d00000)
 ParOldGen       total 309760K, used 308264K [0x0000000080000000, 0x0000000092e80000, 0x00000000d5580000)
  object space 309760K, 99% used [0x0000000080000000,0x0000000092d0a228,0x0000000092e80000)
 Metaspace       used 62894K, committed 64320K, reserved 1114112K
  class space    used 6751K, committed 7360K, reserved 1048576K
}
Event: 85.778 GC heap after
{Heap after GC invocations=156 (full 3):
 PSYoungGen      total 7680K, used 448K [0x00000000d5580000, 0x00000000d5d80000, 0x0000000100000000)
  eden space 6656K, 0% used [0x00000000d5580000,0x00000000d5580000,0x00000000d5c00000)
  from space 1024K, 43% used [0x00000000d5c00000,0x00000000d5c70000,0x00000000d5d00000)
  to   space 512K, 0% used [0x00000000d5d00000,0x00000000d5d00000,0x00000000d5d80000)
 ParOldGen       total 309760K, used 308408K [0x0000000080000000, 0x0000000092e80000, 0x00000000d5580000)
  object space 309760K, 99% used [0x0000000080000000,0x0000000092d2e228,0x0000000092e80000)
 Metaspace       used 62894K, committed 64320K, reserved 1114112K
  class space    used 6751K, committed 7360K, reserved 1048576K
}

