# JRE version: Java(TM) SE Runtime Environment (17.0.13+10) (build 17.0.13+10-LTS-268)
# Java VM: Java HotSpot(TM) 64-Bit Server VM (17.0.13+10-LTS-268, mixed mode, sharing, tiered, compressed oops, compressed class ptrs, g1 gc, windows-amd64)
GC Precious Log:
 CPUs: 12 total, 12 available
 Memory: 7597M
 Large Page Support: Disabled
 NUMA Support: Disabled
 Compressed Oops: Enabled (32-bit)
 Heap Region Size: 1M
 Heap Min Capacity: 8M
 Heap Initial Capacity: 120M
 Heap Max Capacity: 1900M
 Pre-touch: Disabled
 Parallel Workers: 10
 Concurrent Workers: 3
 Concurrent Refinement Workers: 10
 Periodic GC: Disabled
Heap:
 garbage-first heap   total 304128K, used 25664K [0x0000000089400000, 0x0000000100000000)
  region size 1024K, 9 young (9216K), 7 survivors (7168K)
 Metaspace       used 21210K, committed 21568K, reserved 1114112K
  class space    used 2256K, committed 2432K, reserved 1048576K
GC Heap History (18 events):
Event: 1.488 GC heap before
{Heap before GC invocations=0 (full 0):
 garbage-first heap   total 122880K, used 22528K [0x0000000089400000, 0x0000000100000000)
  region size 1024K, 23 young (23552K), 0 survivors (0K)
 Metaspace       used 5374K, committed 5568K, reserved 1114112K
  class space    used 647K, committed 768K, reserved 1048576K
}
Event: 1.496 GC heap after
{Heap after GC invocations=1 (full 0):
 garbage-first heap   total 122880K, used 4000K [0x0000000089400000, 0x0000000100000000)
  region size 1024K, 3 young (3072K), 3 survivors (3072K)
 Metaspace       used 5374K, committed 5568K, reserved 1114112K
  class space    used 647K, committed 768K, reserved 1048576K
}
Event: 2.343 GC heap before
{Heap before GC invocations=1 (full 0):
 garbage-first heap   total 122880K, used 34720K [0x0000000089400000, 0x0000000100000000)
  region size 1024K, 33 young (33792K), 3 survivors (3072K)
 Metaspace       used 9200K, committed 9408K, reserved 1114112K
  class space    used 1120K, committed 1216K, reserved 1048576K
}
Event: 2.352 GC heap after
{Heap after GC invocations=2 (full 0):
 garbage-first heap   total 122880K, used 5785K [0x0000000089400000, 0x0000000100000000)
  region size 1024K, 2 young (2048K), 2 survivors (2048K)
 Metaspace       used 9200K, committed 9408K, reserved 1114112K
  class space    used 1120K, committed 1216K, reserved 1048576K
}
Event: 4.537 GC heap before
{Heap before GC invocations=2 (full 0):
 garbage-first heap   total 122880K, used 77465K [0x0000000089400000, 0x0000000100000000)
  region size 1024K, 72 young (73728K), 2 survivors (2048K)
 Metaspace       used 15349K, committed 15552K, reserved 1114112K
  class space    used 1839K, committed 1920K, reserved 1048576K
}
Event: 4.558 GC heap after
{Heap after GC invocations=3 (full 0):
 garbage-first heap   total 122880K, used 13518K [0x0000000089400000, 0x0000000100000000)
  region size 1024K, 9 young (9216K), 9 survivors (9216K)
 Metaspace       used 15349K, committed 15552K, reserved 1114112K
  class space    used 1839K, committed 1920K, reserved 1048576K
}
Event: 5.994 GC heap before
{Heap before GC invocations=3 (full 0):
 garbage-first heap   total 122880K, used 78030K [0x0000000089400000, 0x0000000100000000)
  region size 1024K, 72 young (73728K), 9 survivors (9216K)
 Metaspace       used 16074K, committed 16320K, reserved 1114112K
  class space    used 1857K, committed 1984K, reserved 1048576K
}
Event: 6.016 GC heap after
{Heap after GC invocations=4 (full 0):
 garbage-first heap   total 122880K, used 16587K [0x0000000089400000, 0x0000000100000000)
  region size 1024K, 3 young (3072K), 3 survivors (3072K)
 Metaspace       used 16074K, committed 16320K, reserved 1114112K
  class space    used 1857K, committed 1984K, reserved 1048576K
}
Event: 6.445 GC heap before
{Heap before GC invocations=4 (full 0):
 garbage-first heap   total 122880K, used 70859K [0x0000000089400000, 0x0000000100000000)
  region size 1024K, 17 young (17408K), 3 survivors (3072K)
 Metaspace       used 17062K, committed 17408K, reserved 1114112K
  class space    used 1977K, committed 2176K, reserved 1048576K
}
Event: 6.453 GC heap after
{Heap after GC invocations=5 (full 0):
 garbage-first heap   total 122880K, used 25803K [0x0000000089400000, 0x0000000100000000)
  region size 1024K, 4 young (4096K), 4 survivors (4096K)
 Metaspace       used 17062K, committed 17408K, reserved 1114112K
  class space    used 1977K, committed 2176K, reserved 1048576K
}
Event: 6.463 GC heap before
{Heap before GC invocations=5 (full 0):
 garbage-first heap   total 122880K, used 58571K [0x0000000089400000, 0x0000000100000000)
  region size 1024K, 5 young (5120K), 4 survivors (4096K)
 Metaspace       used 17066K, committed 17408K, reserved 1114112K
  class space    used 1977K, committed 2176K, reserved 1048576K
}
Event: 6.468 GC heap after
{Heap after GC invocations=6 (full 0):
 garbage-first heap   total 122880K, used 26192K [0x0000000089400000, 0x0000000100000000)
  region size 1024K, 5 young (5120K), 5 survivors (5120K)
 Metaspace       used 17066K, committed 17408K, reserved 1114112K
  class space    used 1977K, committed 2176K, reserved 1048576K
}
Event: 6.477 GC heap before
{Heap before GC invocations=6 (full 0):
 garbage-first heap   total 122880K, used 58960K [0x0000000089400000, 0x0000000100000000)
  region size 1024K, 6 young (6144K), 5 survivors (5120K)
 Metaspace       used 17066K, committed 17408K, reserved 1114112K
  class space    used 1977K, committed 2176K, reserved 1048576K
}
Event: 6.483 GC heap after
{Heap after GC invocations=7 (full 0):
 garbage-first heap   total 122880K, used 25803K [0x0000000089400000, 0x0000000100000000)
  region size 1024K, 4 young (4096K), 4 survivors (4096K)
 Metaspace       used 17066K, committed 17408K, reserved 1114112K
  class space    used 1977K, committed 2176K, reserved 1048576K
}
Event: 6.491 GC heap before
{Heap before GC invocations=7 (full 0):
 garbage-first heap   total 122880K, used 58571K [0x0000000089400000, 0x0000000100000000)
  region size 1024K, 5 young (5120K), 4 survivors (4096K)
 Metaspace       used 17066K, committed 17408K, reserved 1114112K
  class space    used 1977K, committed 2176K, reserved 1048576K
}
Event: 6.499 GC heap after
{Heap after GC invocations=8 (full 0):
 garbage-first heap   total 304128K, used 25803K [0x0000000089400000, 0x0000000100000000)
  region size 1024K, 4 young (4096K), 4 survivors (4096K)
 Metaspace       used 17066K, committed 17408K, reserved 1114112K
  class space    used 1977K, committed 2176K, reserved 1048576K
}
Event: 6.535 GC heap before
{Heap before GC invocations=8 (full 0):
 garbage-first heap   total 304128K, used 136395K [0x0000000089400000, 0x0000000100000000)
  region size 1024K, 5 young (5120K), 4 survivors (4096K)
 Metaspace       used 17066K, committed 17408K, reserved 1114112K
  class space    used 1977K, committed 2176K, reserved 1048576K
}
Event: 6.540 GC heap after
{Heap after GC invocations=9 (full 0):
 garbage-first heap   total 304128K, used 38202K [0x0000000089400000, 0x0000000100000000)
  region size 1024K, 5 young (5120K), 5 survivors (5120K)
 Metaspace       used 17066K, committed 17408K, reserved 1114112K
  class space    used 1977K, committed 2176K, reserved 1048576K
}

