# JRE version: OpenJDK Runtime Environment (24.0+36) (build 24+36-3646)
# Java VM: OpenJDK 64-Bit Server VM (24+36-3646, mixed mode, emulated-client, sharing, tiered, compressed oops, compressed class ptrs, g1 gc, windows-amd64)
GC Precious Log:
 CardTable entry size: 512
 Card Set container configuration: InlinePtr #cards 5 size 8 Array Of Cards #cards 10 size 36 Howl #buckets 4 coarsen threshold 1843 Howl Bitmap #cards 512 size 80 coarsen threshold 460 Card regions per heap region 1 cards per card region 2048
 CPUs: 12 total, 12 available
 Memory: 7597M
 Large Page Support: Disabled
 NUMA Support: Disabled
 Compressed Oops: Enabled (32-bit)
 Heap Region Size: 1M
 Heap Min Capacity: 8M
 Heap Initial Capacity: 120M
 Heap Max Capacity: 1900M
 Pre-touch: Disabled
 Parallel Workers: 10
 Concurrent Workers: 3
 Concurrent Refinement Workers: 10
 Periodic GC: Disabled
Heap:
 garbage-first heap   total reserved 1945600K, committed 447488K, used 222885K [0x0000000089400000, 0x0000000100000000)
  region size 1024K, 82 young (83968K), 21 survivors (21504K)
 Metaspace       used 124588K, committed 126016K, reserved 1179648K
  class space    used 14772K, committed 15360K, reserved 1048576K
GC Heap History (20 events):
Event: 46.829 GC heap after
{Heap after GC invocations=48 (full 0):
 garbage-first heap   total reserved 1945600K, committed 447488K, used 151607K [0x0000000089400000, 0x0000000100000000)
  region size 1024K, 4 young (4096K), 4 survivors (4096K)
 Metaspace       used 111361K, committed 112448K, reserved 1179648K
  class space    used 13103K, committed 13568K, reserved 1048576K
}
Event: 51.997 GC heap before
{Heap before GC invocations=49 (full 0):
 garbage-first heap   total reserved 1945600K, committed 447488K, used 383031K [0x0000000089400000, 0x0000000100000000)
  region size 1024K, 230 young (235520K), 4 survivors (4096K)
 Metaspace       used 111361K, committed 112448K, reserved 1179648K
  class space    used 13103K, committed 13568K, reserved 1048576K
}
Event: 52.001 GC heap after
{Heap after GC invocations=50 (full 0):
 garbage-first heap   total reserved 1945600K, committed 447488K, used 152125K [0x0000000089400000, 0x0000000100000000)
  region size 1024K, 4 young (4096K), 4 survivors (4096K)
 Metaspace       used 111361K, committed 112448K, reserved 1179648K
  class space    used 13103K, committed 13568K, reserved 1048576K
}
Event: 57.012 GC heap before
{Heap before GC invocations=50 (full 0):
 garbage-first heap   total reserved 1945600K, committed 447488K, used 390717K [0x0000000089400000, 0x0000000100000000)
  region size 1024K, 237 young (242688K), 4 survivors (4096K)
 Metaspace       used 111361K, committed 112448K, reserved 1179648K
  class space    used 13103K, committed 13568K, reserved 1048576K
}
Event: 57.024 GC heap after
{Heap after GC invocations=51 (full 0):
 garbage-first heap   total reserved 1945600K, committed 447488K, used 147280K [0x0000000089400000, 0x0000000100000000)
  region size 1024K, 5 young (5120K), 5 survivors (5120K)
 Metaspace       used 111361K, committed 112448K, reserved 1179648K
  class space    used 13103K, committed 13568K, reserved 1048576K
}
Event: 62.679 GC heap before
{Heap before GC invocations=51 (full 0):
 garbage-first heap   total reserved 1945600K, committed 447488K, used 393040K [0x0000000089400000, 0x0000000100000000)
  region size 1024K, 245 young (250880K), 5 survivors (5120K)
 Metaspace       used 111361K, committed 112448K, reserved 1179648K
  class space    used 13103K, committed 13568K, reserved 1048576K
}
Event: 62.685 GC heap after
{Heap after GC invocations=52 (full 0):
 garbage-first heap   total reserved 1945600K, committed 447488K, used 147758K [0x0000000089400000, 0x0000000100000000)
  region size 1024K, 5 young (5120K), 5 survivors (5120K)
 Metaspace       used 111361K, committed 112448K, reserved 1179648K
  class space    used 13103K, committed 13568K, reserved 1048576K
}
Event: 67.940 GC heap before
{Heap before GC invocations=53 (full 0):
 garbage-first heap   total reserved 1945600K, committed 447488K, used 398638K [0x0000000089400000, 0x0000000100000000)
  region size 1024K, 250 young (256000K), 5 survivors (5120K)
 Metaspace       used 111361K, committed 112448K, reserved 1179648K
  class space    used 13103K, committed 13568K, reserved 1048576K
}
Event: 67.947 GC heap after
{Heap after GC invocations=54 (full 0):
 garbage-first heap   total reserved 1945600K, committed 447488K, used 148100K [0x0000000089400000, 0x0000000100000000)
  region size 1024K, 5 young (5120K), 5 survivors (5120K)
 Metaspace       used 111361K, committed 112448K, reserved 1179648K
  class space    used 13103K, committed 13568K, reserved 1048576K
}
Event: 73.322 GC heap before
{Heap before GC invocations=54 (full 0):
 garbage-first heap   total reserved 1945600K, committed 447488K, used 404100K [0x0000000089400000, 0x0000000100000000)
  region size 1024K, 255 young (261120K), 5 survivors (5120K)
 Metaspace       used 111361K, committed 112448K, reserved 1179648K
  class space    used 13103K, committed 13568K, reserved 1048576K
}
Event: 73.341 GC heap after
{Heap after GC invocations=55 (full 0):
 garbage-first heap   total reserved 1945600K, committed 447488K, used 145028K [0x0000000089400000, 0x0000000100000000)
  region size 1024K, 6 young (6144K), 6 survivors (6144K)
 Metaspace       used 111361K, committed 112448K, reserved 1179648K
  class space    used 13103K, committed 13568K, reserved 1048576K
}
Event: 78.732 GC heap before
{Heap before GC invocations=55 (full 0):
 garbage-first heap   total reserved 1945600K, committed 447488K, used 406148K [0x0000000089400000, 0x0000000100000000)
  region size 1024K, 261 young (267264K), 6 survivors (6144K)
 Metaspace       used 111362K, committed 112448K, reserved 1179648K
  class space    used 13103K, committed 13568K, reserved 1048576K
}
Event: 78.740 GC heap after
{Heap after GC invocations=56 (full 0):
 garbage-first heap   total reserved 1945600K, committed 447488K, used 145279K [0x0000000089400000, 0x0000000100000000)
  region size 1024K, 6 young (6144K), 6 survivors (6144K)
 Metaspace       used 111362K, committed 112448K, reserved 1179648K
  class space    used 13103K, committed 13568K, reserved 1048576K
}
Event: 84.534 GC heap before
{Heap before GC invocations=57 (full 0):
 garbage-first heap   total reserved 1945600K, committed 447488K, used 407423K [0x0000000089400000, 0x0000000100000000)
  region size 1024K, 262 young (268288K), 6 survivors (6144K)
 Metaspace       used 111376K, committed 112448K, reserved 1179648K
  class space    used 13107K, committed 13568K, reserved 1048576K
}
Event: 84.542 GC heap after
{Heap after GC invocations=58 (full 0):
 garbage-first heap   total reserved 1945600K, committed 447488K, used 145835K [0x0000000089400000, 0x0000000100000000)
  region size 1024K, 7 young (7168K), 7 survivors (7168K)
 Metaspace       used 111376K, committed 112448K, reserved 1179648K
  class space    used 13107K, committed 13568K, reserved 1048576K
}
Event: 195.620 GC heap before
{Heap before GC invocations=58 (full 0):
 garbage-first heap   total reserved 1945600K, committed 447488K, used 316843K [0x0000000089400000, 0x0000000100000000)
  region size 1024K, 176 young (180224K), 7 survivors (7168K)
 Metaspace       used 124266K, committed 125568K, reserved 1179648K
  class space    used 14695K, committed 15232K, reserved 1048576K
}
Event: 195.662 GC heap after
{Heap after GC invocations=59 (full 0):
 garbage-first heap   total reserved 1945600K, committed 447488K, used 158158K [0x0000000089400000, 0x0000000100000000)
  region size 1024K, 21 young (21504K), 21 survivors (21504K)
 Metaspace       used 124266K, committed 125568K, reserved 1179648K
  class space    used 14695K, committed 15232K, reserved 1048576K
}
Event: 569.428 GC heap before
{Heap before GC invocations=60 (full 0):
 garbage-first heap   total reserved 1945600K, committed 447488K, used 401870K [0x0000000089400000, 0x0000000100000000)
  region size 1024K, 259 young (265216K), 21 survivors (21504K)
 Metaspace       used 124452K, committed 125824K, reserved 1179648K
  class space    used 14743K, committed 15296K, reserved 1048576K
}
Event: 569.633 GC heap after
{Heap after GC invocations=61 (full 0):
 garbage-first heap   total reserved 1945600K, committed 447488K, used 161445K [0x0000000089400000, 0x0000000100000000)
  region size 1024K, 21 young (21504K), 21 survivors (21504K)
 Metaspace       used 124452K, committed 125824K, reserved 1179648K
  class space    used 14743K, committed 15296K, reserved 1048576K
}
Event: 673.590 GC heap before
{Heap before GC invocations=61 (full 0):
 garbage-first heap   total reserved 1945600K, committed 447488K, used 222885K [0x0000000089400000, 0x0000000100000000)
  region size 1024K, 82 young (83968K), 21 survivors (21504K)
 Metaspace       used 124588K, committed 126016K, reserved 1179648K
  class space    used 14772K, committed 15360K, reserved 1048576K
}

